Determining if the pthread_create exist failed with the following output:
Change Dir: /home/akshat/flytbase_ws/src/image_cropping/build/CMakeFiles/CMakeTmp

Run Build Command:"/usr/bin/make" "cmTC_30a1a/fast"
/usr/bin/make -f CMakeFiles/cmTC_30a1a.dir/build.make CMakeFiles/cmTC_30a1a.dir/build
make[1]: Entering directory '/home/akshat/flytbase_ws/src/image_cropping/build/CMakeFiles/CMakeTmp'
Building C object CMakeFiles/cmTC_30a1a.dir/CheckSymbolExists.c.o
/usr/bin/gcc-7    -o CMakeFiles/cmTC_30a1a.dir/CheckSymbolExists.c.o   -c /home/akshat/flytbase_ws/src/image_cropping/build/CMakeFiles/CMakeTmp/CheckSymbolExists.c
Linking C executable cmTC_30a1a
/usr/bin/cmake -E cmake_link_script CMakeFiles/cmTC_30a1a.dir/link.txt --verbose=1
/usr/bin/gcc-7      -rdynamic CMakeFiles/cmTC_30a1a.dir/CheckSymbolExists.c.o  -o cmTC_30a1a 
CMakeFiles/cmTC_30a1a.dir/CheckSymbolExists.c.o: In function `main':
CheckSymbolExists.c:(.text+0x1b): undefined reference to `pthread_create'
collect2: error: ld returned 1 exit status
CMakeFiles/cmTC_30a1a.dir/build.make:97: recipe for target 'cmTC_30a1a' failed
make[1]: *** [cmTC_30a1a] Error 1
make[1]: Leaving directory '/home/akshat/flytbase_ws/src/image_cropping/build/CMakeFiles/CMakeTmp'
Makefile:126: recipe for target 'cmTC_30a1a/fast' failed
make: *** [cmTC_30a1a/fast] Error 2

File /home/akshat/flytbase_ws/src/image_cropping/build/CMakeFiles/CMakeTmp/CheckSymbolExists.c:
/* */
#include <pthread.h>

int main(int argc, char** argv)
{
  (void)argv;
#ifndef pthread_create
  return ((int*)(&pthread_create))[argc];
#else
  (void)argc;
  return 0;
#endif
}

Determining if the function pthread_create exists in the pthreads failed with the following output:
Change Dir: /home/akshat/flytbase_ws/src/image_cropping/build/CMakeFiles/CMakeTmp

Run Build Command:"/usr/bin/make" "cmTC_ab55f/fast"
/usr/bin/make -f CMakeFiles/cmTC_ab55f.dir/build.make CMakeFiles/cmTC_ab55f.dir/build
make[1]: Entering directory '/home/akshat/flytbase_ws/src/image_cropping/build/CMakeFiles/CMakeTmp'
Building C object CMakeFiles/cmTC_ab55f.dir/CheckFunctionExists.c.o
/usr/bin/gcc-7   -DCHECK_FUNCTION_EXISTS=pthread_create   -o CMakeFiles/cmTC_ab55f.dir/CheckFunctionExists.c.o   -c /usr/share/cmake-3.10/Modules/CheckFunctionExists.c
Linking C executable cmTC_ab55f
/usr/bin/cmake -E cmake_link_script CMakeFiles/cmTC_ab55f.dir/link.txt --verbose=1
/usr/bin/gcc-7  -DCHECK_FUNCTION_EXISTS=pthread_create    -rdynamic CMakeFiles/cmTC_ab55f.dir/CheckFunctionExists.c.o  -o cmTC_ab55f -lpthreads 
/usr/bin/ld: cannot find -lpthreads
collect2: error: ld returned 1 exit status
CMakeFiles/cmTC_ab55f.dir/build.make:97: recipe for target 'cmTC_ab55f' failed
make[1]: *** [cmTC_ab55f] Error 1
make[1]: Leaving directory '/home/akshat/flytbase_ws/src/image_cropping/build/CMakeFiles/CMakeTmp'
Makefile:126: recipe for target 'cmTC_ab55f/fast' failed
make: *** [cmTC_ab55f/fast] Error 2


